<?xml version="1.0" encoding="UTF-8"?>
<!-- Generated by org.testng.reporters.JUnitXMLReporter -->
<testsuite hostname="LAPTOP-9B3C4EKN" ignored="2" name="firefoxBrowser" tests="2" failures="0" timestamp="2023-05-29T14:37:06 IST" time="0.015" errors="0">
  <testcase name="@BeforeClass config_BC" time="0.0" classname="com.Twinlite.genericUtilities.BaseClass">
    <failure type="org.openqa.selenium.NoSuchSessionException" message="Session ID is null. Using WebDriver after calling quit()?
Build info: version: &amp;apos;4.9.1&amp;apos;, revision: &amp;apos;eb2032df7f&amp;apos;
System info: os.name: &amp;apos;Windows 11&amp;apos;, os.arch: &amp;apos;amd64&amp;apos;, os.version: &amp;apos;10.0&amp;apos;, java.version: &amp;apos;1.8.0_341&amp;apos;
Driver info: org.openqa.selenium.chrome.ChromeDriver
Command: [null, get {url=http://rmgtestingserver/domain/House_Rental_Application/}]
Capabilities {acceptInsecureCerts: false, browserName: chrome, browserVersion: 113.0.5672.127, chrome: {chromedriverVersion: 113.0.5672.63 (0e1a4471d5ae..., userDataDir: C:\Users\satya\AppData\Loca...}, goog:chromeOptions: {debuggerAddress: localhost:61577}, networkConnectionEnabled: false, pageLoadStrategy: normal, platformName: windows, proxy: Proxy(), se:cdp: ws://localhost:61577/devtoo..., se:cdpVersion: 113.0.5672.127, setWindowRect: true, strictFileInteractability: false, timeouts: {implicit: 0, pageLoad: 300000, script: 30000}, unhandledPromptBehavior: dismiss and notify, webauthn:extension:credBlob: true, webauthn:extension:largeBlob: true, webauthn:extension:minPinLength: true, webauthn:extension:prf: true, webauthn:virtualAuthenticators: true}">
      <![CDATA[org.openqa.selenium.NoSuchSessionException: Session ID is null. Using WebDriver after calling quit()?
Build info: version: '4.9.1', revision: 'eb2032df7f'
System info: os.name: 'Windows 11', os.arch: 'amd64', os.version: '10.0', java.version: '1.8.0_341'
Driver info: org.openqa.selenium.chrome.ChromeDriver
Command: [null, get {url=http://rmgtestingserver/domain/House_Rental_Application/}]
Capabilities {acceptInsecureCerts: false, browserName: chrome, browserVersion: 113.0.5672.127, chrome: {chromedriverVersion: 113.0.5672.63 (0e1a4471d5ae..., userDataDir: C:\Users\satya\AppData\Loca...}, goog:chromeOptions: {debuggerAddress: localhost:61577}, networkConnectionEnabled: false, pageLoadStrategy: normal, platformName: windows, proxy: Proxy(), se:cdp: ws://localhost:61577/devtoo..., se:cdpVersion: 113.0.5672.127, setWindowRect: true, strictFileInteractability: false, timeouts: {implicit: 0, pageLoad: 300000, script: 30000}, unhandledPromptBehavior: dismiss and notify, webauthn:extension:credBlob: true, webauthn:extension:largeBlob: true, webauthn:extension:minPinLength: true, webauthn:extension:prf: true, webauthn:virtualAuthenticators: true}
at org.openqa.selenium.remote.HttpCommandExecutor.execute(HttpCommandExecutor.java:154)
at org.openqa.selenium.remote.service.DriverCommandExecutor.invokeExecute(DriverCommandExecutor.java:183)
at org.openqa.selenium.remote.service.DriverCommandExecutor.execute(DriverCommandExecutor.java:158)
at org.openqa.selenium.remote.RemoteWebDriver.execute(RemoteWebDriver.java:543)
at org.openqa.selenium.remote.RemoteWebDriver.get(RemoteWebDriver.java:297)
at com.Twinlite.genericUtilities.BaseClass.config_BC(BaseClass.java:62)
at java.util.concurrent.ThreadPoolExecutor.runWorker(Unknown Source)
at java.util.concurrent.ThreadPoolExecutor$Worker.run(Unknown Source)
at java.lang.Thread.run(Unknown Source)
... Removed 10 stack frames]]>
    </failure>
  </testcase> <!-- @BeforeClass config_BC -->
  <testcase name="@BeforeClass config_BC" time="0.0" classname="com.Twinlite.genericUtilities.BaseClass">
    <failure type="org.openqa.selenium.NoSuchSessionException" message="Session ID is null. Using WebDriver after calling quit()?
Build info: version: &amp;apos;4.9.1&amp;apos;, revision: &amp;apos;eb2032df7f&amp;apos;
System info: os.name: &amp;apos;Windows 11&amp;apos;, os.arch: &amp;apos;amd64&amp;apos;, os.version: &amp;apos;10.0&amp;apos;, java.version: &amp;apos;1.8.0_341&amp;apos;
Driver info: org.openqa.selenium.chrome.ChromeDriver
Command: [null, get {url=http://rmgtestingserver/domain/House_Rental_Application/}]
Capabilities {acceptInsecureCerts: false, browserName: chrome, browserVersion: 113.0.5672.127, chrome: {chromedriverVersion: 113.0.5672.63 (0e1a4471d5ae..., userDataDir: C:\Users\satya\AppData\Loca...}, goog:chromeOptions: {debuggerAddress: localhost:61577}, networkConnectionEnabled: false, pageLoadStrategy: normal, platformName: windows, proxy: Proxy(), se:cdp: ws://localhost:61577/devtoo..., se:cdpVersion: 113.0.5672.127, setWindowRect: true, strictFileInteractability: false, timeouts: {implicit: 0, pageLoad: 300000, script: 30000}, unhandledPromptBehavior: dismiss and notify, webauthn:extension:credBlob: true, webauthn:extension:largeBlob: true, webauthn:extension:minPinLength: true, webauthn:extension:prf: true, webauthn:virtualAuthenticators: true}">
      <![CDATA[org.openqa.selenium.NoSuchSessionException: Session ID is null. Using WebDriver after calling quit()?
Build info: version: '4.9.1', revision: 'eb2032df7f'
System info: os.name: 'Windows 11', os.arch: 'amd64', os.version: '10.0', java.version: '1.8.0_341'
Driver info: org.openqa.selenium.chrome.ChromeDriver
Command: [null, get {url=http://rmgtestingserver/domain/House_Rental_Application/}]
Capabilities {acceptInsecureCerts: false, browserName: chrome, browserVersion: 113.0.5672.127, chrome: {chromedriverVersion: 113.0.5672.63 (0e1a4471d5ae..., userDataDir: C:\Users\satya\AppData\Loca...}, goog:chromeOptions: {debuggerAddress: localhost:61577}, networkConnectionEnabled: false, pageLoadStrategy: normal, platformName: windows, proxy: Proxy(), se:cdp: ws://localhost:61577/devtoo..., se:cdpVersion: 113.0.5672.127, setWindowRect: true, strictFileInteractability: false, timeouts: {implicit: 0, pageLoad: 300000, script: 30000}, unhandledPromptBehavior: dismiss and notify, webauthn:extension:credBlob: true, webauthn:extension:largeBlob: true, webauthn:extension:minPinLength: true, webauthn:extension:prf: true, webauthn:virtualAuthenticators: true}
at org.openqa.selenium.remote.HttpCommandExecutor.execute(HttpCommandExecutor.java:154)
at org.openqa.selenium.remote.service.DriverCommandExecutor.invokeExecute(DriverCommandExecutor.java:183)
at org.openqa.selenium.remote.service.DriverCommandExecutor.execute(DriverCommandExecutor.java:158)
at org.openqa.selenium.remote.RemoteWebDriver.execute(RemoteWebDriver.java:543)
at org.openqa.selenium.remote.RemoteWebDriver.get(RemoteWebDriver.java:297)
at com.Twinlite.genericUtilities.BaseClass.config_BC(BaseClass.java:62)
at java.util.concurrent.ThreadPoolExecutor.runWorker(Unknown Source)
at java.util.concurrent.ThreadPoolExecutor$Worker.run(Unknown Source)
at java.lang.Thread.run(Unknown Source)
... Removed 10 stack frames]]>
    </failure>
  </testcase> <!-- @BeforeClass config_BC -->
  <testcase name="@BeforeMethod confi_BM" time="-1.685351226869E9" classname="com.Twinlite.genericUtilities.BaseClass">
    <skipped/>
  </testcase> <!-- @BeforeMethod confi_BM -->
  <testcase name="@BeforeMethod confi_BM" time="-1.685351226869E9" classname="com.Twinlite.genericUtilities.BaseClass">
    <skipped/>
  </testcase> <!-- @BeforeMethod confi_BM -->
  <testcase name="@AfterMethod config_AM" time="-1.685351226884E9" classname="com.Twinlite.genericUtilities.BaseClass">
    <skipped/>
  </testcase> <!-- @AfterMethod config_AM -->
  <testcase name="@AfterMethod config_AM" time="-1.685351226884E9" classname="com.Twinlite.genericUtilities.BaseClass">
    <skipped/>
  </testcase> <!-- @AfterMethod config_AM -->
  <testcase name="@AfterClass config_AC" time="-1.685351226884E9" classname="com.Twinlite.genericUtilities.BaseClass">
    <skipped/>
  </testcase> <!-- @AfterClass config_AC -->
  <testcase name="@AfterClass config_AC" time="-1.685351226884E9" classname="com.Twinlite.genericUtilities.BaseClass">
    <skipped/>
  </testcase> <!-- @AfterClass config_AC -->
  <testcase name="main4" time="0.0" classname="com.DDT.POM.MethodCalling.VerifyThatUserCanEditTheRegisteredProperty">
    <skipped/>
  </testcase> <!-- main4 -->
  <testcase name="main3" time="0.0" classname="com.DDT.POM.MethodCalling.VerifyThatAdminEditTheDetailsOfTheRegisteredProperty">
    <skipped/>
  </testcase> <!-- main3 -->
  <testcase name="@AfterSuite config_AS" time="0.0" classname="com.Twinlite.genericUtilities.BaseClass">
    <ignored/>
  </testcase> <!-- @AfterSuite config_AS -->
  <testcase name="@BeforeSuite Config_BS" time="0.0" classname="com.Twinlite.genericUtilities.BaseClass">
    <ignored/>
  </testcase> <!-- @BeforeSuite Config_BS -->
</testsuite> <!-- firefoxBrowser -->
