<?xml version="1.0" encoding="UTF-8"?>
<!-- Generated by org.testng.reporters.JUnitXMLReporter -->
<testsuite hostname="LAPTOP-9B3C4EKN" ignored="0" name="Test2" tests="3" failures="0" timestamp="2023-05-30T11:07:19 IST" time="56.052" errors="0">
  <testcase name="@BeforeMethod confi_BM" time="10.359" classname="com.Twinlite.genericUtilities.BaseClass">
    <failure type="org.openqa.selenium.NoSuchElementException" message="no such element: Unable to locate element: {&amp;quot;method&amp;quot;:&amp;quot;xpath&amp;quot;,&amp;quot;selector&amp;quot;:&amp;quot;//input[@id=&amp;apos;username&amp;apos;]&amp;quot;}
  (Session info: chrome=113.0.5672.127)
For documentation on this error, please visit: https://selenium.dev/exceptions/#no_such_element
Build info: version: &amp;apos;4.9.1&amp;apos;, revision: &amp;apos;eb2032df7f&amp;apos;
System info: os.name: &amp;apos;Windows 11&amp;apos;, os.arch: &amp;apos;amd64&amp;apos;, os.version: &amp;apos;10.0&amp;apos;, java.version: &amp;apos;1.8.0_341&amp;apos;
Driver info: org.openqa.selenium.chrome.ChromeDriver
Command: [0ef2d4b46134c4c26b3b508039caeb10, findElement {using=xpath, value=//input[@id=&amp;apos;username&amp;apos;]}]
Capabilities {acceptInsecureCerts: false, browserName: chrome, browserVersion: 113.0.5672.127, chrome: {chromedriverVersion: 113.0.5672.63 (0e1a4471d5ae..., userDataDir: C:\Users\satya\AppData\Loca...}, goog:chromeOptions: {debuggerAddress: localhost:53686}, networkConnectionEnabled: false, pageLoadStrategy: normal, platformName: windows, proxy: Proxy(), se:cdp: ws://localhost:53686/devtoo..., se:cdpVersion: 113.0.5672.127, setWindowRect: true, strictFileInteractability: false, timeouts: {implicit: 0, pageLoad: 300000, script: 30000}, unhandledPromptBehavior: dismiss and notify, webauthn:extension:credBlob: true, webauthn:extension:largeBlob: true, webauthn:extension:minPinLength: true, webauthn:extension:prf: true, webauthn:virtualAuthenticators: true}
Session ID: 0ef2d4b46134c4c26b3b508039caeb10">
      <![CDATA[org.openqa.selenium.NoSuchElementException: no such element: Unable to locate element: {"method":"xpath","selector":"//input[@id='username']"}
  (Session info: chrome=113.0.5672.127)
For documentation on this error, please visit: https://selenium.dev/exceptions/#no_such_element
Build info: version: '4.9.1', revision: 'eb2032df7f'
System info: os.name: 'Windows 11', os.arch: 'amd64', os.version: '10.0', java.version: '1.8.0_341'
Driver info: org.openqa.selenium.chrome.ChromeDriver
Command: [0ef2d4b46134c4c26b3b508039caeb10, findElement {using=xpath, value=//input[@id='username']}]
Capabilities {acceptInsecureCerts: false, browserName: chrome, browserVersion: 113.0.5672.127, chrome: {chromedriverVersion: 113.0.5672.63 (0e1a4471d5ae..., userDataDir: C:\Users\satya\AppData\Loca...}, goog:chromeOptions: {debuggerAddress: localhost:53686}, networkConnectionEnabled: false, pageLoadStrategy: normal, platformName: windows, proxy: Proxy(), se:cdp: ws://localhost:53686/devtoo..., se:cdpVersion: 113.0.5672.127, setWindowRect: true, strictFileInteractability: false, timeouts: {implicit: 0, pageLoad: 300000, script: 30000}, unhandledPromptBehavior: dismiss and notify, webauthn:extension:credBlob: true, webauthn:extension:largeBlob: true, webauthn:extension:minPinLength: true, webauthn:extension:prf: true, webauthn:virtualAuthenticators: true}
Session ID: 0ef2d4b46134c4c26b3b508039caeb10
at org.openqa.selenium.remote.codec.w3c.W3CHttpResponseCodec.createException(W3CHttpResponseCodec.java:200)
at org.openqa.selenium.remote.codec.w3c.W3CHttpResponseCodec.decode(W3CHttpResponseCodec.java:133)
at org.openqa.selenium.remote.codec.w3c.W3CHttpResponseCodec.decode(W3CHttpResponseCodec.java:53)
at org.openqa.selenium.remote.HttpCommandExecutor.execute(HttpCommandExecutor.java:193)
at org.openqa.selenium.remote.service.DriverCommandExecutor.invokeExecute(DriverCommandExecutor.java:183)
at org.openqa.selenium.remote.service.DriverCommandExecutor.execute(DriverCommandExecutor.java:158)
at org.openqa.selenium.remote.RemoteWebDriver.execute(RemoteWebDriver.java:543)
at org.openqa.selenium.remote.ElementLocation$ElementFinder$2.findElement(ElementLocation.java:162)
at org.openqa.selenium.remote.ElementLocation.findElement(ElementLocation.java:60)
at org.openqa.selenium.remote.RemoteWebDriver.findElement(RemoteWebDriver.java:352)
at org.openqa.selenium.remote.RemoteWebDriver.findElement(RemoteWebDriver.java:344)
at org.openqa.selenium.support.pagefactory.DefaultElementLocator.findElement(DefaultElementLocator.java:70)
at org.openqa.selenium.support.pagefactory.internal.LocatingElementHandler.invoke(LocatingElementHandler.java:39)
at com.sun.proxy.$Proxy18.sendKeys(Unknown Source)
at com.RE.Twinlite.ObjectRepository.RegisterUserPage.registerUserInToApp(RegisterUserPage.java:83)
at com.Twinlite.genericUtilities.BaseClass.confi_BM(BaseClass.java:87)
at java.util.concurrent.ThreadPoolExecutor.runWorker(Unknown Source)
at java.util.concurrent.ThreadPoolExecutor$Worker.run(Unknown Source)
at java.lang.Thread.run(Unknown Source)
... Removed 20 stack frames]]>
    </failure>
  </testcase> <!-- @BeforeMethod confi_BM -->
  <testcase name="@AfterMethod config_AM" time="-1.685425032502E9" classname="com.Twinlite.genericUtilities.BaseClass">
    <skipped/>
  </testcase> <!-- @AfterMethod config_AM -->
  <testcase name="@BeforeMethod confi_BM" time="-1.685425032502E9" classname="com.Twinlite.genericUtilities.BaseClass">
    <skipped/>
  </testcase> <!-- @BeforeMethod confi_BM -->
  <testcase name="@AfterMethod config_AM" time="-1.685425039857E9" classname="com.Twinlite.genericUtilities.BaseClass">
    <skipped/>
  </testcase> <!-- @AfterMethod config_AM -->
  <testcase name="@AfterClass config_AC" time="-1.685425039857E9" classname="com.Twinlite.genericUtilities.BaseClass">
    <skipped/>
  </testcase> <!-- @AfterClass config_AC -->
  <testcase name="main2" time="16.188" classname="com.DDT.POM.MethodCalling.VerifyThatAdminCanFileAComplaintForTheRegisteredProperty">
    <skipped/>
  </testcase> <!-- main2 -->
  <testcase name="main2" time="16.492" classname="com.DDT.POM.MethodCalling.VerifyThatAdminCanFileAComplaintForTheRegisteredProperty">
    <skipped/>
  </testcase> <!-- main2 -->
  <testcase name="main2" time="7.355" classname="com.DDT.POM.MethodCalling.VerifyThatAdminCanFileAComplaintForTheRegisteredProperty"/>
</testsuite> <!-- Test2 -->
